[2021-03-08 12:04:43.938] [exthost] [info] extension host started
[2021-03-08 12:04:44.007] [exthost] [info] ExtensionService#_doActivateExtension vscode.emmet {"startup":false,"extensionId":{"value":"vscode.emmet","_lower":"vscode.emmet"},"activationEvent":"onLanguage:html"}
[2021-03-08 12:04:44.008] [exthost] [info] ExtensionService#loadCommonJSModule file:///home/prabal17shetty/.vscode-server/bin/f30a9b73e8ffc278e71575118b6bf568f04587c8/extensions/emmet/dist/node/emmetNodeMain
[2021-03-08 12:04:44.143] [exthost] [info] ExtensionService#_doActivateExtension vscode.html-language-features {"startup":false,"extensionId":{"value":"vscode.html-language-features","_lower":"vscode.html-language-features"},"activationEvent":"onLanguage:html"}
[2021-03-08 12:04:44.143] [exthost] [info] ExtensionService#loadCommonJSModule file:///home/prabal17shetty/.vscode-server/bin/f30a9b73e8ffc278e71575118b6bf568f04587c8/extensions/html-language-features/client/dist/node/htmlClientMain
[2021-03-08 12:04:44.367] [exthost] [info] ExtensionService#_doActivateExtension vscode.debug-auto-launch {"startup":true,"extensionId":{"value":"vscode.debug-auto-launch","_lower":"vscode.debug-auto-launch"},"activationEvent":"*"}
[2021-03-08 12:04:44.367] [exthost] [info] ExtensionService#loadCommonJSModule file:///home/prabal17shetty/.vscode-server/bin/f30a9b73e8ffc278e71575118b6bf568f04587c8/extensions/debug-auto-launch/dist/extension
[2021-03-08 12:04:44.416] [exthost] [info] ExtensionService#_doActivateExtension vscode.git {"startup":true,"extensionId":{"value":"vscode.github","_lower":"vscode.github"},"activationEvent":"*"}
[2021-03-08 12:04:44.416] [exthost] [info] ExtensionService#loadCommonJSModule file:///home/prabal17shetty/.vscode-server/bin/f30a9b73e8ffc278e71575118b6bf568f04587c8/extensions/git/dist/main
[2021-03-08 12:04:44.650] [exthost] [info] ExtensionService#_doActivateExtension ritwickdey.LiveServer {"startup":true,"extensionId":{"value":"ritwickdey.LiveServer","_lower":"ritwickdey.liveserver"},"activationEvent":"*"}
[2021-03-08 12:04:44.650] [exthost] [info] ExtensionService#loadCommonJSModule file:///home/prabal17shetty/.vscode-server/extensions/ritwickdey.liveserver-5.6.1/out/src/extension
[2021-03-08 12:04:51.406] [exthost] [info] ExtensionService#_doActivateExtension vscode.github {"startup":true,"extensionId":{"value":"vscode.github","_lower":"vscode.github"},"activationEvent":"*"}
[2021-03-08 12:04:51.406] [exthost] [info] ExtensionService#loadCommonJSModule file:///home/prabal17shetty/.vscode-server/bin/f30a9b73e8ffc278e71575118b6bf568f04587c8/extensions/github/dist/extension.js
[2021-03-08 12:04:51.623] [exthost] [info] ExtensionService#_doActivateExtension vscode.merge-conflict {"startup":false,"extensionId":{"value":"vscode.merge-conflict","_lower":"vscode.merge-conflict"},"activationEvent":"onStartupFinished"}
[2021-03-08 12:04:51.623] [exthost] [info] ExtensionService#loadCommonJSModule file:///home/prabal17shetty/.vscode-server/bin/f30a9b73e8ffc278e71575118b6bf568f04587c8/extensions/merge-conflict/dist/mergeConflictMain
[2021-03-08 12:04:51.674] [exthost] [info] ExtensionService#_doActivateExtension vscode.testing-editor-contributions {"startup":false,"extensionId":{"value":"vscode.testing-editor-contributions","_lower":"vscode.testing-editor-contributions"},"activationEvent":"onStartupFinished"}
[2021-03-08 12:04:51.674] [exthost] [info] ExtensionService#loadCommonJSModule file:///home/prabal17shetty/.vscode-server/bin/f30a9b73e8ffc278e71575118b6bf568f04587c8/extensions/testing-editor-contributions/dist/extension.js
[2021-03-08 12:04:51.698] [exthost] [info] eager extensions activated
[2021-03-08 12:04:51.712] [exthost] [info] ExtensionService#_doActivateExtension ms-vscode.js-debug {"startup":false,"extensionId":{"value":"ms-vscode.js-debug","_lower":"ms-vscode.js-debug"},"activationEvent":"onCommand:extension.js-debug.clearAutoAttachVariables"}
[2021-03-08 12:04:51.713] [exthost] [info] ExtensionService#loadCommonJSModule file:///home/prabal17shetty/.vscode-server/bin/f30a9b73e8ffc278e71575118b6bf568f04587c8/extensions/ms-vscode.js-debug/src/extension.js
[2021-03-08 12:04:52.339] [exthost] [warning] [Decorations] CAPPING events from decorations provider vscode.git 3923
[2021-03-08 13:10:37.549] [exthost] [warning] [Decorations] CAPPING events from decorations provider vscode.git 3923
[2021-03-08 13:10:43.767] [exthost] [warning] [Decorations] CAPPING events from decorations provider vscode.git 3923
[2021-03-08 13:15:55.864] [exthost] [warning] [Decorations] CAPPING events from decorations provider vscode.git 3923
[2021-03-08 13:16:01.362] [exthost] [warning] [Decorations] CAPPING events from decorations provider vscode.git 3923
[2021-03-08 13:16:06.794] [exthost] [warning] [Decorations] CAPPING events from decorations provider vscode.git 3923
[2021-03-08 13:16:12.258] [exthost] [warning] [Decorations] CAPPING events from decorations provider vscode.git 3923
[2021-03-08 13:16:17.765] [exthost] [warning] [Decorations] CAPPING events from decorations provider vscode.git 3923
[2021-03-08 13:16:23.903] [exthost] [warning] [Decorations] CAPPING events from decorations provider vscode.git 3923
[2021-03-08 13:16:29.417] [exthost] [warning] [Decorations] CAPPING events from decorations provider vscode.git 3923
[2021-03-08 13:16:34.953] [exthost] [warning] [Decorations] CAPPING events from decorations provider vscode.git 3923
[2021-03-08 13:16:40.449] [exthost] [warning] [Decorations] CAPPING events from decorations provider vscode.git 3923
[2021-03-08 13:16:45.988] [exthost] [warning] [Decorations] CAPPING events from decorations provider vscode.git 3923
[2021-03-08 13:16:51.423] [exthost] [warning] [Decorations] CAPPING events from decorations provider vscode.git 3923
[2021-03-08 13:16:56.964] [exthost] [warning] [Decorations] CAPPING events from decorations provider vscode.git 3923
[2021-03-08 13:17:02.398] [exthost] [warning] [Decorations] CAPPING events from decorations provider vscode.git 3923
[2021-03-08 13:17:07.861] [exthost] [warning] [Decorations] CAPPING events from decorations provider vscode.git 3923
[2021-03-08 13:17:13.392] [exthost] [warning] [Decorations] CAPPING events from decorations provider vscode.git 3923
[2021-03-08 13:17:18.876] [exthost] [warning] [Decorations] CAPPING events from decorations provider vscode.git 3923
[2021-03-08 13:17:24.366] [exthost] [warning] [Decorations] CAPPING events from decorations provider vscode.git 3923
[2021-03-08 13:18:54.198] [exthost] [warning] [Decorations] CAPPING events from decorations provider vscode.git 3923
[2021-03-08 13:18:59.624] [exthost] [warning] [Decorations] CAPPING events from decorations provider vscode.git 3923
[2021-03-08 13:19:05.157] [exthost] [warning] [Decorations] CAPPING events from decorations provider vscode.git 3923
[2021-03-08 13:19:10.635] [exthost] [warning] [Decorations] CAPPING events from decorations provider vscode.git 3923
[2021-03-08 13:19:16.135] [exthost] [warning] [Decorations] CAPPING events from decorations provider vscode.git 3923
[2021-03-08 13:19:21.604] [exthost] [warning] [Decorations] CAPPING events from decorations provider vscode.git 3923
[2021-03-08 13:19:27.105] [exthost] [warning] [Decorations] CAPPING events from decorations provider vscode.git 3923
[2021-03-08 13:19:32.605] [exthost] [warning] [Decorations] CAPPING events from decorations provider vscode.git 3923
[2021-03-08 13:19:38.853] [exthost] [warning] [Decorations] CAPPING events from decorations provider vscode.git 3923
[2021-03-08 13:19:44.323] [exthost] [warning] [Decorations] CAPPING events from decorations provider vscode.git 3923
[2021-03-08 13:19:49.774] [exthost] [warning] [Decorations] CAPPING events from decorations provider vscode.git 3923
[2021-03-08 13:19:55.220] [exthost] [warning] [Decorations] CAPPING events from decorations provider vscode.git 3923
[2021-03-08 13:20:00.704] [exthost] [warning] [Decorations] CAPPING events from decorations provider vscode.git 3923
[2021-03-08 13:20:06.143] [exthost] [warning] [Decorations] CAPPING events from decorations provider vscode.git 3923
[2021-03-08 13:20:11.641] [exthost] [warning] [Decorations] CAPPING events from decorations provider vscode.git 3923
[2021-03-08 13:20:17.076] [exthost] [warning] [Decorations] CAPPING events from decorations provider vscode.git 3923
[2021-03-08 13:20:22.590] [exthost] [warning] [Decorations] CAPPING events from decorations provider vscode.git 3923
[2021-03-08 13:20:28.909] [exthost] [warning] [Decorations] CAPPING events from decorations provider vscode.git 3923
[2021-03-08 13:20:34.337] [exthost] [warning] [Decorations] CAPPING events from decorations provider vscode.git 3923
[2021-03-08 13:20:39.798] [exthost] [warning] [Decorations] CAPPING events from decorations provider vscode.git 3924
[2021-03-08 13:20:45.271] [exthost] [warning] [Decorations] CAPPING events from decorations provider vscode.git 3924
[2021-03-08 13:20:50.758] [exthost] [warning] [Decorations] CAPPING events from decorations provider vscode.git 3924
[2021-03-08 13:20:56.219] [exthost] [warning] [Decorations] CAPPING events from decorations provider vscode.git 3924
[2021-03-08 13:21:01.668] [exthost] [warning] [Decorations] CAPPING events from decorations provider vscode.git 3924
[2021-03-08 13:21:07.191] [exthost] [warning] [Decorations] CAPPING events from decorations provider vscode.git 3923
[2021-03-08 13:21:12.678] [exthost] [warning] [Decorations] CAPPING events from decorations provider vscode.git 3923
[2021-03-08 13:21:18.244] [exthost] [warning] [Decorations] CAPPING events from decorations provider vscode.git 3923
[2021-03-08 13:21:23.738] [exthost] [warning] [Decorations] CAPPING events from decorations provider vscode.git 3923
[2021-03-08 13:21:29.235] [exthost] [warning] [Decorations] CAPPING events from decorations provider vscode.git 3923
[2021-03-08 13:21:34.746] [exthost] [warning] [Decorations] CAPPING events from decorations provider vscode.git 3923
[2021-03-08 13:21:40.262] [exthost] [warning] [Decorations] CAPPING events from decorations provider vscode.git 3923
[2021-03-08 13:21:45.701] [exthost] [warning] [Decorations] CAPPING events from decorations provider vscode.git 3923
[2021-03-08 13:21:51.199] [exthost] [warning] [Decorations] CAPPING events from decorations provider vscode.git 3923
[2021-03-08 13:21:56.712] [exthost] [warning] [Decorations] CAPPING events from decorations provider vscode.git 3923
[2021-03-08 13:22:02.181] [exthost] [warning] [Decorations] CAPPING events from decorations provider vscode.git 3924
[2021-03-08 13:22:07.725] [exthost] [warning] [Decorations] CAPPING events from decorations provider vscode.git 3924
[2021-03-08 13:22:13.930] [exthost] [warning] [Decorations] CAPPING events from decorations provider vscode.git 3924
[2021-03-08 13:22:19.484] [exthost] [warning] [Decorations] CAPPING events from decorations provider vscode.git 3924
[2021-03-08 13:22:24.983] [exthost] [warning] [Decorations] CAPPING events from decorations provider vscode.git 3924
[2021-03-08 13:22:28.290] [exthost] [info] ExtensionService#_doActivateExtension vscode.typescript-language-features {"startup":false,"extensionId":{"value":"vscode.typescript-language-features","_lower":"vscode.typescript-language-features"},"activationEvent":"onLanguage:javascript"}
[2021-03-08 13:22:28.291] [exthost] [info] ExtensionService#loadCommonJSModule file:///home/prabal17shetty/.vscode-server/bin/f30a9b73e8ffc278e71575118b6bf568f04587c8/extensions/typescript-language-features/dist/extension
[2021-03-08 13:22:30.506] [exthost] [warning] [Decorations] CAPPING events from decorations provider vscode.git 3926
[2021-03-08 13:22:36.013] [exthost] [warning] [Decorations] CAPPING events from decorations provider vscode.git 3926
[2021-03-08 13:22:41.520] [exthost] [warning] [Decorations] CAPPING events from decorations provider vscode.git 3926
[2021-03-08 13:22:44.390] [exthost] [info] ExtensionService#_doActivateExtension vscode.css-language-features {"startup":false,"extensionId":{"value":"vscode.css-language-features","_lower":"vscode.css-language-features"},"activationEvent":"onLanguage:css"}
[2021-03-08 13:22:44.390] [exthost] [info] ExtensionService#loadCommonJSModule file:///home/prabal17shetty/.vscode-server/bin/f30a9b73e8ffc278e71575118b6bf568f04587c8/extensions/css-language-features/client/dist/node/cssClientMain
[2021-03-08 13:23:04.213] [exthost] [warning] [Decorations] CAPPING events from decorations provider vscode.git 3927
[2021-03-08 13:23:09.694] [exthost] [warning] [Decorations] CAPPING events from decorations provider vscode.git 3927
[2021-03-08 13:23:15.217] [exthost] [warning] [Decorations] CAPPING events from decorations provider vscode.git 3927
[2021-03-08 13:23:20.838] [exthost] [warning] [Decorations] CAPPING events from decorations provider vscode.git 3927
[2021-03-08 13:23:26.427] [exthost] [warning] [Decorations] CAPPING events from decorations provider vscode.git 3927
[2021-03-08 13:23:33.237] [exthost] [warning] [Decorations] CAPPING events from decorations provider vscode.git 3927
[2021-03-08 13:23:38.906] [exthost] [warning] [Decorations] CAPPING events from decorations provider vscode.git 3927
[2021-03-08 13:23:44.401] [exthost] [warning] [Decorations] CAPPING events from decorations provider vscode.git 3927
[2021-03-08 13:23:49.873] [exthost] [warning] [Decorations] CAPPING events from decorations provider vscode.git 3927
[2021-03-08 13:23:55.387] [exthost] [warning] [Decorations] CAPPING events from decorations provider vscode.git 3927
[2021-03-08 13:24:00.906] [exthost] [warning] [Decorations] CAPPING events from decorations provider vscode.git 3927
[2021-03-08 13:24:06.426] [exthost] [warning] [Decorations] CAPPING events from decorations provider vscode.git 3927
[2021-03-08 13:24:11.937] [exthost] [warning] [Decorations] CAPPING events from decorations provider vscode.git 3927
[2021-03-08 13:24:17.444] [exthost] [warning] [Decorations] CAPPING events from decorations provider vscode.git 3927
[2021-03-08 13:24:23.928] [exthost] [warning] [Decorations] CAPPING events from decorations provider vscode.git 3927
[2021-03-08 13:24:29.410] [exthost] [warning] [Decorations] CAPPING events from decorations provider vscode.git 3927
[2021-03-08 13:24:34.036] [exthost] [info] ExtensionService#_doActivateExtension vscode.configuration-editing {"startup":false,"extensionId":{"value":"vscode.configuration-editing","_lower":"vscode.configuration-editing"},"activationEvent":"onLanguage:json"}
[2021-03-08 13:24:34.037] [exthost] [info] ExtensionService#loadCommonJSModule file:///home/prabal17shetty/.vscode-server/bin/f30a9b73e8ffc278e71575118b6bf568f04587c8/extensions/configuration-editing/dist/configurationEditingMain
[2021-03-08 13:24:34.119] [exthost] [info] ExtensionService#_doActivateExtension vscode.extension-editing {"startup":false,"extensionId":{"value":"vscode.extension-editing","_lower":"vscode.extension-editing"},"activationEvent":"onLanguage:json"}
[2021-03-08 13:24:34.119] [exthost] [info] ExtensionService#loadCommonJSModule file:///home/prabal17shetty/.vscode-server/bin/f30a9b73e8ffc278e71575118b6bf568f04587c8/extensions/extension-editing/dist/extensionEditingMain
[2021-03-08 13:24:34.251] [exthost] [info] ExtensionService#_doActivateExtension vscode.json-language-features {"startup":false,"extensionId":{"value":"vscode.json-language-features","_lower":"vscode.json-language-features"},"activationEvent":"onLanguage:json"}
[2021-03-08 13:24:34.251] [exthost] [info] ExtensionService#loadCommonJSModule file:///home/prabal17shetty/.vscode-server/bin/f30a9b73e8ffc278e71575118b6bf568f04587c8/extensions/json-language-features/client/dist/node/jsonClientMain
[2021-03-08 13:24:34.455] [exthost] [info] ExtensionService#_doActivateExtension vscode.npm {"startup":false,"extensionId":{"value":"vscode.npm","_lower":"vscode.npm"},"activationEvent":"onLanguage:json"}
[2021-03-08 13:24:34.455] [exthost] [info] ExtensionService#loadCommonJSModule file:///home/prabal17shetty/.vscode-server/bin/f30a9b73e8ffc278e71575118b6bf568f04587c8/extensions/npm/dist/npmMain
[2021-03-08 13:24:35.154] [exthost] [warning] [Decorations] CAPPING events from decorations provider vscode.git 3989
[2021-03-08 13:24:38.554] [exthost] [error] [vscode.json-language-features] provider FAILED
[2021-03-08 13:24:38.559] [exthost] [error] Canceled: Canceled
	at _.makeCancelError (/home/prabal17shetty/.vscode-server/bin/f30a9b73e8ffc278e71575118b6bf568f04587c8/extensions/json-language-features/client/dist/node/jsonClientMain.js:1:64088)
	at _.handleFailedRequest (/home/prabal17shetty/.vscode-server/bin/f30a9b73e8ffc278e71575118b6bf568f04587c8/extensions/json-language-features/client/dist/node/jsonClientMain.js:1:63939)
	at /home/prabal17shetty/.vscode-server/bin/f30a9b73e8ffc278e71575118b6bf568f04587c8/extensions/json-language-features/client/dist/node/jsonClientMain.js:1:24281
	at runNextTicks (internal/process/task_queues.js:62:5)
	at processImmediate (internal/timers.js:429:9)
[2021-03-08 13:24:43.249] [exthost] [info] ExtensionService#_doActivateExtension vscode.markdown-language-features {"startup":false,"extensionId":{"value":"vscode.markdown-language-features","_lower":"vscode.markdown-language-features"},"activationEvent":"onLanguage:markdown"}
[2021-03-08 13:24:43.249] [exthost] [info] ExtensionService#loadCommonJSModule file:///home/prabal17shetty/.vscode-server/bin/f30a9b73e8ffc278e71575118b6bf568f04587c8/extensions/markdown-language-features/dist/extension
[2021-03-08 19:28:26.687] [exthost] [info] extension host terminating: received terminate message from renderer
[2021-03-08 19:28:27.712] [exthost] [info] exiting with code 0
