[2021-04-04 00:54:59.523] [exthost] [info] extension host started
[2021-04-04 00:54:59.608] [exthost] [info] ExtensionService#_doActivateExtension redhat.java {"startup":false,"extensionId":{"value":"redhat.java","_lower":"redhat.java"},"activationEvent":"onLanguage:java"}
[2021-04-04 00:54:59.608] [exthost] [info] ExtensionService#loadCommonJSModule file:///home/prabal17shetty/.vscode-server/extensions/redhat.java-0.76.0/dist/extension
[2021-04-04 00:54:59.727] [exthost] [info] ExtensionService#_doActivateExtension VisualStudioExptTeam.vscodeintellicode {"startup":false,"extensionId":{"value":"VisualStudioExptTeam.vscodeintellicode","_lower":"visualstudioexptteam.vscodeintellicode"},"activationEvent":"onLanguage:java"}
[2021-04-04 00:54:59.727] [exthost] [info] ExtensionService#loadCommonJSModule file:///home/prabal17shetty/.vscode-server/extensions/visualstudioexptteam.vscodeintellicode-1.2.12/dist/intellicode
[2021-04-04 00:54:59.840] [exthost] [info] ExtensionService#_doActivateExtension vscjava.vscode-java-debug {"startup":false,"extensionId":{"value":"vscjava.vscode-java-debug","_lower":"vscjava.vscode-java-debug"},"activationEvent":"onLanguage:java"}
[2021-04-04 00:54:59.840] [exthost] [info] ExtensionService#loadCommonJSModule file:///home/prabal17shetty/.vscode-server/extensions/vscjava.vscode-java-debug-0.32.1/dist/extension
[2021-04-04 00:54:59.909] [exthost] [info] ExtensionService#_doActivateExtension vscjava.vscode-java-pack {"startup":false,"extensionId":{"value":"vscjava.vscode-java-pack","_lower":"vscjava.vscode-java-pack"},"activationEvent":"onLanguage:java"}
[2021-04-04 00:54:59.909] [exthost] [info] ExtensionService#loadCommonJSModule file:///home/prabal17shetty/.vscode-server/extensions/vscjava.vscode-java-pack-0.13.0/out/extension
[2021-04-04 00:55:00.036] [exthost] [info] ExtensionService#_doActivateExtension vscode.debug-auto-launch {"startup":true,"extensionId":{"value":"vscode.debug-auto-launch","_lower":"vscode.debug-auto-launch"},"activationEvent":"*"}
[2021-04-04 00:55:00.036] [exthost] [info] ExtensionService#loadCommonJSModule file:///home/prabal17shetty/.vscode-server/bin/c185983a683d14c396952dd432459097bc7f757f/extensions/debug-auto-launch/dist/extension
[2021-04-04 00:55:00.041] [exthost] [info] ExtensionService#_doActivateExtension vscode.git {"startup":true,"extensionId":{"value":"vscode.github","_lower":"vscode.github"},"activationEvent":"*"}
[2021-04-04 00:55:00.041] [exthost] [info] ExtensionService#loadCommonJSModule file:///home/prabal17shetty/.vscode-server/bin/c185983a683d14c396952dd432459097bc7f757f/extensions/git/dist/main
[2021-04-04 00:55:00.107] [exthost] [info] ExtensionService#_doActivateExtension ritwickdey.LiveServer {"startup":true,"extensionId":{"value":"ritwickdey.LiveServer","_lower":"ritwickdey.liveserver"},"activationEvent":"*"}
[2021-04-04 00:55:00.107] [exthost] [info] ExtensionService#loadCommonJSModule file:///home/prabal17shetty/.vscode-server/extensions/ritwickdey.liveserver-5.6.1/out/src/extension
[2021-04-04 00:55:00.745] [exthost] [info] ExtensionService#_doActivateExtension vscode.github {"startup":true,"extensionId":{"value":"vscode.github","_lower":"vscode.github"},"activationEvent":"*"}
[2021-04-04 00:55:00.745] [exthost] [info] ExtensionService#loadCommonJSModule file:///home/prabal17shetty/.vscode-server/bin/c185983a683d14c396952dd432459097bc7f757f/extensions/github/dist/extension.js
[2021-04-04 00:55:01.144] [exthost] [info] ExtensionService#_doActivateExtension vscode.emmet {"startup":false,"extensionId":{"value":"vscode.emmet","_lower":"vscode.emmet"},"activationEvent":"onStartupFinished"}
[2021-04-04 00:55:01.144] [exthost] [info] ExtensionService#loadCommonJSModule file:///home/prabal17shetty/.vscode-server/bin/c185983a683d14c396952dd432459097bc7f757f/extensions/emmet/dist/node/emmetNodeMain
[2021-04-04 00:55:01.166] [exthost] [info] ExtensionService#_doActivateExtension vscode.merge-conflict {"startup":false,"extensionId":{"value":"vscode.merge-conflict","_lower":"vscode.merge-conflict"},"activationEvent":"onStartupFinished"}
[2021-04-04 00:55:01.166] [exthost] [info] ExtensionService#loadCommonJSModule file:///home/prabal17shetty/.vscode-server/bin/c185983a683d14c396952dd432459097bc7f757f/extensions/merge-conflict/dist/mergeConflictMain
[2021-04-04 00:55:01.171] [exthost] [info] ExtensionService#_doActivateExtension vscode.testing-editor-contributions {"startup":false,"extensionId":{"value":"vscode.testing-editor-contributions","_lower":"vscode.testing-editor-contributions"},"activationEvent":"onStartupFinished"}
[2021-04-04 00:55:01.171] [exthost] [info] ExtensionService#loadCommonJSModule file:///home/prabal17shetty/.vscode-server/bin/c185983a683d14c396952dd432459097bc7f757f/extensions/testing-editor-contributions/dist/extension.js
[2021-04-04 00:55:01.173] [exthost] [info] eager extensions activated
[2021-04-04 00:55:01.178] [exthost] [info] ExtensionService#_doActivateExtension ms-vscode.js-debug {"startup":false,"extensionId":{"value":"ms-vscode.js-debug","_lower":"ms-vscode.js-debug"},"activationEvent":"onCommand:extension.js-debug.clearAutoAttachVariables"}
[2021-04-04 00:55:01.178] [exthost] [info] ExtensionService#loadCommonJSModule file:///home/prabal17shetty/.vscode-server/bin/c185983a683d14c396952dd432459097bc7f757f/extensions/ms-vscode.js-debug/src/extension.js
[2021-04-04 00:55:01.515] [exthost] [error] Activating extension redhat.java failed due to an error:
[2021-04-04 00:55:01.515] [exthost] [error] {"message":"Java 11 or more recent is required to run the Java extension. Please download and install a recent JDK. You can still compile your projects with older JDKs by configuring ['java.configuration.runtimes'](https://github.com/redhat-developer/vscode-java/wiki/JDK-Requirements#java.configuration.runtimes)","label":"Get the Java Development Kit","command":"vscode.open","commandParam":{"$mid":1,"path":"/products/openjdk/download/","scheme":"https","authority":"developers.redhat.com","query":"sc_cid=701f2000000RWTnAAO"}}
[2021-04-04 00:55:32.248] [exthost] [info] ExtensionService#_doActivateExtension vscode.configuration-editing {"startup":false,"extensionId":{"value":"vscode.configuration-editing","_lower":"vscode.configuration-editing"},"activationEvent":"onLanguage:jsonc"}
[2021-04-04 00:55:32.248] [exthost] [info] ExtensionService#loadCommonJSModule file:///home/prabal17shetty/.vscode-server/bin/c185983a683d14c396952dd432459097bc7f757f/extensions/configuration-editing/dist/configurationEditingMain
[2021-04-04 00:55:32.259] [exthost] [info] ExtensionService#_doActivateExtension vscode.json-language-features {"startup":false,"extensionId":{"value":"vscode.json-language-features","_lower":"vscode.json-language-features"},"activationEvent":"onLanguage:jsonc"}
[2021-04-04 00:55:32.259] [exthost] [info] ExtensionService#loadCommonJSModule file:///home/prabal17shetty/.vscode-server/bin/c185983a683d14c396952dd432459097bc7f757f/extensions/json-language-features/client/dist/node/jsonClientMain
[2021-04-04 00:55:32.327] [exthost] [info] ExtensionService#_doActivateExtension vscode.typescript-language-features {"startup":false,"extensionId":{"value":"vscode.typescript-language-features","_lower":"vscode.typescript-language-features"},"activationEvent":"onLanguage:jsonc"}
[2021-04-04 00:55:32.327] [exthost] [info] ExtensionService#loadCommonJSModule file:///home/prabal17shetty/.vscode-server/bin/c185983a683d14c396952dd432459097bc7f757f/extensions/typescript-language-features/dist/extension
[2021-04-04 00:55:32.459] [exthost] [warning] [Decorations] CAPPING events from decorations provider vscode.git 5000
[2021-04-04 00:56:09.424] [exthost] [info] extension host terminating: received terminate message from renderer
[2021-04-04 00:56:10.447] [exthost] [info] exiting with code 0
