[2021-03-19 17:01:40.392] [exthost] [info] extension host started
[2021-03-19 17:01:40.424] [exthost] [info] ExtensionService#_doActivateExtension vscode.typescript-language-features {"startup":false,"extensionId":{"value":"vscode.typescript-language-features","_lower":"vscode.typescript-language-features"},"activationEvent":"onLanguage:javascript"}
[2021-03-19 17:01:40.424] [exthost] [info] ExtensionService#loadCommonJSModule file:///home/prabal17shetty/.vscode-server/bin/f30a9b73e8ffc278e71575118b6bf568f04587c8/extensions/typescript-language-features/dist/extension
[2021-03-19 17:01:40.560] [exthost] [info] ExtensionService#_doActivateExtension vscode.debug-auto-launch {"startup":true,"extensionId":{"value":"vscode.debug-auto-launch","_lower":"vscode.debug-auto-launch"},"activationEvent":"*"}
[2021-03-19 17:01:40.560] [exthost] [info] ExtensionService#loadCommonJSModule file:///home/prabal17shetty/.vscode-server/bin/f30a9b73e8ffc278e71575118b6bf568f04587c8/extensions/debug-auto-launch/dist/extension
[2021-03-19 17:01:40.597] [exthost] [info] ExtensionService#_doActivateExtension vscode.git {"startup":true,"extensionId":{"value":"vscode.github","_lower":"vscode.github"},"activationEvent":"*"}
[2021-03-19 17:01:40.597] [exthost] [info] ExtensionService#loadCommonJSModule file:///home/prabal17shetty/.vscode-server/bin/f30a9b73e8ffc278e71575118b6bf568f04587c8/extensions/git/dist/main
[2021-03-19 17:01:40.821] [exthost] [info] ExtensionService#_doActivateExtension ritwickdey.LiveServer {"startup":true,"extensionId":{"value":"ritwickdey.LiveServer","_lower":"ritwickdey.liveserver"},"activationEvent":"*"}
[2021-03-19 17:01:40.821] [exthost] [info] ExtensionService#loadCommonJSModule file:///home/prabal17shetty/.vscode-server/extensions/ritwickdey.liveserver-5.6.1/out/src/extension
[2021-03-19 17:01:46.707] [exthost] [info] ExtensionService#_doActivateExtension vscode.github {"startup":true,"extensionId":{"value":"vscode.github","_lower":"vscode.github"},"activationEvent":"*"}
[2021-03-19 17:01:46.707] [exthost] [info] ExtensionService#loadCommonJSModule file:///home/prabal17shetty/.vscode-server/bin/f30a9b73e8ffc278e71575118b6bf568f04587c8/extensions/github/dist/extension.js
[2021-03-19 17:01:46.904] [exthost] [info] ExtensionService#_doActivateExtension vscode.emmet {"startup":false,"extensionId":{"value":"vscode.emmet","_lower":"vscode.emmet"},"activationEvent":"onStartupFinished"}
[2021-03-19 17:01:46.904] [exthost] [info] ExtensionService#loadCommonJSModule file:///home/prabal17shetty/.vscode-server/bin/f30a9b73e8ffc278e71575118b6bf568f04587c8/extensions/emmet/dist/node/emmetNodeMain
[2021-03-19 17:01:47.044] [exthost] [info] ExtensionService#_doActivateExtension vscode.merge-conflict {"startup":false,"extensionId":{"value":"vscode.merge-conflict","_lower":"vscode.merge-conflict"},"activationEvent":"onStartupFinished"}
[2021-03-19 17:01:47.044] [exthost] [info] ExtensionService#loadCommonJSModule file:///home/prabal17shetty/.vscode-server/bin/f30a9b73e8ffc278e71575118b6bf568f04587c8/extensions/merge-conflict/dist/mergeConflictMain
[2021-03-19 17:01:47.083] [exthost] [info] ExtensionService#_doActivateExtension vscode.testing-editor-contributions {"startup":false,"extensionId":{"value":"vscode.testing-editor-contributions","_lower":"vscode.testing-editor-contributions"},"activationEvent":"onStartupFinished"}
[2021-03-19 17:01:47.083] [exthost] [info] ExtensionService#loadCommonJSModule file:///home/prabal17shetty/.vscode-server/bin/f30a9b73e8ffc278e71575118b6bf568f04587c8/extensions/testing-editor-contributions/dist/extension.js
[2021-03-19 17:01:47.096] [exthost] [info] eager extensions activated
[2021-03-19 17:01:47.101] [exthost] [info] ExtensionService#_doActivateExtension ms-vscode.js-debug {"startup":false,"extensionId":{"value":"ms-vscode.js-debug","_lower":"ms-vscode.js-debug"},"activationEvent":"onCommand:extension.js-debug.clearAutoAttachVariables"}
[2021-03-19 17:01:47.102] [exthost] [info] ExtensionService#loadCommonJSModule file:///home/prabal17shetty/.vscode-server/bin/f30a9b73e8ffc278e71575118b6bf568f04587c8/extensions/ms-vscode.js-debug/src/extension.js
[2021-03-19 17:04:56.120] [exthost] [info] ExtensionService#_doActivateExtension vscode.html-language-features {"startup":false,"extensionId":{"value":"vscode.html-language-features","_lower":"vscode.html-language-features"},"activationEvent":"onLanguage:html"}
[2021-03-19 17:04:56.120] [exthost] [info] ExtensionService#loadCommonJSModule file:///home/prabal17shetty/.vscode-server/bin/f30a9b73e8ffc278e71575118b6bf568f04587c8/extensions/html-language-features/client/dist/node/htmlClientMain
[2021-03-19 17:05:07.347] [exthost] [info] ExtensionService#_doActivateExtension vscode.css-language-features {"startup":false,"extensionId":{"value":"vscode.css-language-features","_lower":"vscode.css-language-features"},"activationEvent":"onLanguage:css"}
[2021-03-19 17:05:07.347] [exthost] [info] ExtensionService#loadCommonJSModule file:///home/prabal17shetty/.vscode-server/bin/f30a9b73e8ffc278e71575118b6bf568f04587c8/extensions/css-language-features/client/dist/node/cssClientMain
[2021-03-19 17:26:44.337] [exthost] [info] extension host terminating: received terminate message from renderer
[2021-03-19 17:26:45.367] [exthost] [info] exiting with code 0
