[2021-04-01 11:14:51.766] [exthost] [info] extension host started
[2021-04-01 11:14:51.861] [exthost] [info] ExtensionService#_doActivateExtension vscode.typescript-language-features {"startup":false,"extensionId":{"value":"vscode.typescript-language-features","_lower":"vscode.typescript-language-features"},"activationEvent":"onLanguage:javascript"}
[2021-04-01 11:14:51.862] [exthost] [info] ExtensionService#loadCommonJSModule file:///home/prabal17shetty/.vscode-server/bin/f30a9b73e8ffc278e71575118b6bf568f04587c8/extensions/typescript-language-features/dist/extension
[2021-04-01 11:14:52.202] [exthost] [info] ExtensionService#_doActivateExtension vscode.debug-auto-launch {"startup":true,"extensionId":{"value":"vscode.debug-auto-launch","_lower":"vscode.debug-auto-launch"},"activationEvent":"*"}
[2021-04-01 11:14:52.202] [exthost] [info] ExtensionService#loadCommonJSModule file:///home/prabal17shetty/.vscode-server/bin/f30a9b73e8ffc278e71575118b6bf568f04587c8/extensions/debug-auto-launch/dist/extension
[2021-04-01 11:14:52.284] [exthost] [info] ExtensionService#_doActivateExtension vscode.git {"startup":true,"extensionId":{"value":"vscode.github","_lower":"vscode.github"},"activationEvent":"*"}
[2021-04-01 11:14:52.284] [exthost] [info] ExtensionService#loadCommonJSModule file:///home/prabal17shetty/.vscode-server/bin/f30a9b73e8ffc278e71575118b6bf568f04587c8/extensions/git/dist/main
[2021-04-01 11:14:52.742] [exthost] [info] ExtensionService#_doActivateExtension ritwickdey.LiveServer {"startup":true,"extensionId":{"value":"ritwickdey.LiveServer","_lower":"ritwickdey.liveserver"},"activationEvent":"*"}
[2021-04-01 11:14:52.742] [exthost] [info] ExtensionService#loadCommonJSModule file:///home/prabal17shetty/.vscode-server/extensions/ritwickdey.liveserver-5.6.1/out/src/extension
[2021-04-01 11:15:04.313] [exthost] [info] ExtensionService#_doActivateExtension vscode.github {"startup":true,"extensionId":{"value":"vscode.github","_lower":"vscode.github"},"activationEvent":"*"}
[2021-04-01 11:15:04.314] [exthost] [info] ExtensionService#loadCommonJSModule file:///home/prabal17shetty/.vscode-server/bin/f30a9b73e8ffc278e71575118b6bf568f04587c8/extensions/github/dist/extension.js
[2021-04-01 11:15:04.618] [exthost] [info] ExtensionService#_doActivateExtension vscode.emmet {"startup":false,"extensionId":{"value":"vscode.emmet","_lower":"vscode.emmet"},"activationEvent":"onStartupFinished"}
[2021-04-01 11:15:04.618] [exthost] [info] ExtensionService#loadCommonJSModule file:///home/prabal17shetty/.vscode-server/bin/f30a9b73e8ffc278e71575118b6bf568f04587c8/extensions/emmet/dist/node/emmetNodeMain
[2021-04-01 11:15:04.857] [exthost] [info] ExtensionService#_doActivateExtension vscode.merge-conflict {"startup":false,"extensionId":{"value":"vscode.merge-conflict","_lower":"vscode.merge-conflict"},"activationEvent":"onStartupFinished"}
[2021-04-01 11:15:04.858] [exthost] [info] ExtensionService#loadCommonJSModule file:///home/prabal17shetty/.vscode-server/bin/f30a9b73e8ffc278e71575118b6bf568f04587c8/extensions/merge-conflict/dist/mergeConflictMain
[2021-04-01 11:15:04.920] [exthost] [info] ExtensionService#_doActivateExtension vscode.testing-editor-contributions {"startup":false,"extensionId":{"value":"vscode.testing-editor-contributions","_lower":"vscode.testing-editor-contributions"},"activationEvent":"onStartupFinished"}
[2021-04-01 11:15:04.920] [exthost] [info] ExtensionService#loadCommonJSModule file:///home/prabal17shetty/.vscode-server/bin/f30a9b73e8ffc278e71575118b6bf568f04587c8/extensions/testing-editor-contributions/dist/extension.js
[2021-04-01 11:15:04.945] [exthost] [info] eager extensions activated
[2021-04-01 11:15:04.952] [exthost] [info] ExtensionService#_doActivateExtension ms-vscode.js-debug {"startup":false,"extensionId":{"value":"ms-vscode.js-debug","_lower":"ms-vscode.js-debug"},"activationEvent":"onCommand:extension.js-debug.clearAutoAttachVariables"}
[2021-04-01 11:15:04.952] [exthost] [info] ExtensionService#loadCommonJSModule file:///home/prabal17shetty/.vscode-server/bin/f30a9b73e8ffc278e71575118b6bf568f04587c8/extensions/ms-vscode.js-debug/src/extension.js
[2021-04-01 11:15:12.466] [exthost] [warning] [Decorations] CAPPING events from decorations provider vscode.git 5000
[2021-04-01 11:35:56.558] [exthost] [info] ExtensionService#_doActivateExtension ms-vscode.node-debug2 {"startup":false,"extensionId":{"value":"ms-vscode.node-debug","_lower":"ms-vscode.node-debug"},"activationEvent":"onDebugInitialConfigurations"}
[2021-04-01 11:35:56.559] [exthost] [info] ExtensionService#loadCommonJSModule file:///home/prabal17shetty/.vscode-server/bin/f30a9b73e8ffc278e71575118b6bf568f04587c8/extensions/ms-vscode.node-debug2/out/src/extension
[2021-04-01 11:35:56.592] [exthost] [info] ExtensionService#_doActivateExtension ms-vscode.node-debug {"startup":false,"extensionId":{"value":"ms-vscode.node-debug","_lower":"ms-vscode.node-debug"},"activationEvent":"onDebugInitialConfigurations"}
[2021-04-01 11:35:56.592] [exthost] [info] ExtensionService#loadCommonJSModule file:///home/prabal17shetty/.vscode-server/bin/f30a9b73e8ffc278e71575118b6bf568f04587c8/extensions/ms-vscode.node-debug/dist/extension.js
[2021-04-01 11:35:58.109] [exthost] [info] ExtensionService#_doActivateExtension vscode.debug-server-ready {"startup":false,"extensionId":{"value":"vscode.debug-server-ready","_lower":"vscode.debug-server-ready"},"activationEvent":"onDebugResolve"}
[2021-04-01 11:35:58.109] [exthost] [info] ExtensionService#loadCommonJSModule file:///home/prabal17shetty/.vscode-server/bin/f30a9b73e8ffc278e71575118b6bf568f04587c8/extensions/debug-server-ready/dist/extension
