[2021-04-03 23:21:07.925] [exthost] [info] extension host started
[2021-04-03 23:21:07.966] [exthost] [info] ExtensionService#_doActivateExtension vscode.debug-auto-launch {"startup":true,"extensionId":{"value":"vscode.debug-auto-launch","_lower":"vscode.debug-auto-launch"},"activationEvent":"*"}
[2021-04-03 23:21:07.966] [exthost] [info] ExtensionService#loadCommonJSModule file:///home/prabal17shetty/.vscode-server/bin/c185983a683d14c396952dd432459097bc7f757f/extensions/debug-auto-launch/dist/extension
[2021-04-03 23:21:08.011] [exthost] [info] ExtensionService#_doActivateExtension vscode.git {"startup":true,"extensionId":{"value":"vscode.github","_lower":"vscode.github"},"activationEvent":"*"}
[2021-04-03 23:21:08.011] [exthost] [info] ExtensionService#loadCommonJSModule file:///home/prabal17shetty/.vscode-server/bin/c185983a683d14c396952dd432459097bc7f757f/extensions/git/dist/main
[2021-04-03 23:21:08.264] [exthost] [info] ExtensionService#_doActivateExtension ritwickdey.LiveServer {"startup":true,"extensionId":{"value":"ritwickdey.LiveServer","_lower":"ritwickdey.liveserver"},"activationEvent":"*"}
[2021-04-03 23:21:08.264] [exthost] [info] ExtensionService#loadCommonJSModule file:///home/prabal17shetty/.vscode-server/extensions/ritwickdey.liveserver-5.6.1/out/src/extension
[2021-04-03 23:21:14.549] [exthost] [info] ExtensionService#_doActivateExtension vscode.github {"startup":true,"extensionId":{"value":"vscode.github","_lower":"vscode.github"},"activationEvent":"*"}
[2021-04-03 23:21:14.549] [exthost] [info] ExtensionService#loadCommonJSModule file:///home/prabal17shetty/.vscode-server/bin/c185983a683d14c396952dd432459097bc7f757f/extensions/github/dist/extension.js
[2021-04-03 23:21:14.830] [exthost] [info] ExtensionService#_doActivateExtension vscode.emmet {"startup":false,"extensionId":{"value":"vscode.emmet","_lower":"vscode.emmet"},"activationEvent":"onStartupFinished"}
[2021-04-03 23:21:14.830] [exthost] [info] ExtensionService#loadCommonJSModule file:///home/prabal17shetty/.vscode-server/bin/c185983a683d14c396952dd432459097bc7f757f/extensions/emmet/dist/node/emmetNodeMain
[2021-04-03 23:21:14.967] [exthost] [info] ExtensionService#_doActivateExtension vscode.merge-conflict {"startup":false,"extensionId":{"value":"vscode.merge-conflict","_lower":"vscode.merge-conflict"},"activationEvent":"onStartupFinished"}
[2021-04-03 23:21:14.967] [exthost] [info] ExtensionService#loadCommonJSModule file:///home/prabal17shetty/.vscode-server/bin/c185983a683d14c396952dd432459097bc7f757f/extensions/merge-conflict/dist/mergeConflictMain
[2021-04-03 23:21:14.999] [exthost] [info] ExtensionService#_doActivateExtension vscode.testing-editor-contributions {"startup":false,"extensionId":{"value":"vscode.testing-editor-contributions","_lower":"vscode.testing-editor-contributions"},"activationEvent":"onStartupFinished"}
[2021-04-03 23:21:15.000] [exthost] [info] ExtensionService#loadCommonJSModule file:///home/prabal17shetty/.vscode-server/bin/c185983a683d14c396952dd432459097bc7f757f/extensions/testing-editor-contributions/dist/extension.js
[2021-04-03 23:21:15.019] [exthost] [info] eager extensions activated
[2021-04-03 23:21:15.024] [exthost] [info] ExtensionService#_doActivateExtension ms-vscode.js-debug {"startup":false,"extensionId":{"value":"ms-vscode.js-debug","_lower":"ms-vscode.js-debug"},"activationEvent":"onCommand:extension.js-debug.clearAutoAttachVariables"}
[2021-04-03 23:21:15.024] [exthost] [info] ExtensionService#loadCommonJSModule file:///home/prabal17shetty/.vscode-server/bin/c185983a683d14c396952dd432459097bc7f757f/extensions/ms-vscode.js-debug/src/extension.js
[2021-04-04 00:35:16.172] [exthost] [warning] [Decorations] CAPPING events from decorations provider vscode.git 5000
[2021-04-04 00:38:29.216] [exthost] [info] ExtensionService#_doActivateExtension vscjava.vscode-java-debug {"startup":false,"extensionId":{"value":"vscjava.vscode-java-debug","_lower":"vscjava.vscode-java-debug"},"activationEvent":"onLanguage:java"}
[2021-04-04 00:38:29.217] [exthost] [info] ExtensionService#loadCommonJSModule file:///home/prabal17shetty/.vscode-server/extensions/vscjava.vscode-java-debug-0.32.1/dist/extension
[2021-04-04 00:43:43.284] [exthost] [info] ExtensionService#_doActivateExtension VisualStudioExptTeam.vscodeintellicode {"startup":false,"extensionId":{"value":"VisualStudioExptTeam.vscodeintellicode","_lower":"visualstudioexptteam.vscodeintellicode"},"activationEvent":"onLanguage:java"}
[2021-04-04 00:43:43.284] [exthost] [info] ExtensionService#loadCommonJSModule file:///home/prabal17shetty/.vscode-server/extensions/visualstudioexptteam.vscodeintellicode-1.2.12/dist/intellicode
[2021-04-04 00:43:50.839] [exthost] [info] extension host terminating: received terminate message from renderer
